

times in msec
 clock   self+sourced   self:  sourced script
 clock   elapsed:              other lines

000.007  000.007: --- NVIM STARTING ---
000.080  000.073: event init
000.187  000.107: early init
000.526  000.339: locale set
000.567  000.041: init first window
000.836  000.268: inits 1
000.851  000.015: window checked
000.853  000.002: parsing arguments
001.297  000.101  000.101: require('vim.shared')
001.382  000.031  000.031: require('vim._options')
001.383  000.084  000.053: require('vim._editor')
001.385  000.230  000.045: require('vim._init_packages')
001.387  000.304: init lua interpreter
003.619  002.231: expanding arguments
003.638  000.020: inits 2
003.894  000.256: init highlight
003.895  000.001: waiting for UI
006.433  002.538: done waiting for UI
006.443  000.010: clear screen
006.923  000.480: init default mappings & autocommands
010.580  002.731  002.731: sourcing /opt/homebrew/Cellar/neovim/0.9.4/share/nvim/runtime/ftplugin.vim
010.817  000.144  000.144: sourcing /opt/homebrew/Cellar/neovim/0.9.4/share/nvim/runtime/indent.vim
013.236  001.452  001.452: require('lazy')
013.459  000.034  000.034: require('ffi')
013.497  000.036  000.036: require('vim.loader')
013.609  000.038  000.038: require('vim.fs')
014.300  000.783  000.745: require('lazy.stats')
016.421  001.392  001.392: require('lazy.core.util')
016.962  000.531  000.531: require('lazy.core.config')
018.244  000.263  000.263: require('lazy.core.handler')
018.653  000.406  000.406: require('lazy.core.plugin')
018.661  001.696  001.026: require('lazy.core.loader')
020.027  000.274  000.274: require('lazy.core.handler.cmd')
021.707  001.446  001.446: require('lazy.core.handler.event')
021.716  001.686  000.240: require('lazy.core.handler.ft')
021.896  000.176  000.176: require('lazy.core.handler.keys')
022.338  000.327  000.327: sourcing /opt/homebrew/Cellar/neovim/0.9.4/share/nvim/runtime/filetype.lua
025.556  000.304  000.304: require('nvim-treesitter.utils')
027.543  000.127  000.127: require('vim.treesitter.language')
027.550  000.400  000.273: require('vim.treesitter.query')
027.833  000.281  000.281: require('vim.treesitter._range')
027.838  001.021  000.340: require('vim.treesitter.languagetree')
027.844  001.265  000.244: require('vim.treesitter')
029.653  004.093  002.828: require('nvim-treesitter.parsers')
030.896  000.194  000.194: require('nvim-treesitter.compat')
031.227  000.169  000.169: require('nvim-treesitter.ts_utils')
031.232  000.334  000.165: require('nvim-treesitter.tsrange')
031.349  000.116  000.116: require('nvim-treesitter.caching')
031.358  001.228  000.585: require('nvim-treesitter.query')
031.370  001.507  000.279: require('nvim-treesitter.configs')
031.372  001.718  000.210: require('nvim-treesitter.info')
031.506  000.132  000.132: require('nvim-treesitter.shell_command_selectors')
031.527  006.726  000.480: require('nvim-treesitter.install')
031.697  000.168  000.168: require('nvim-treesitter.statusline')
031.912  000.214  000.214: require('nvim-treesitter.query_predicates')
031.915  008.421  001.313: require('nvim-treesitter')
032.632  009.558  001.137: sourcing /Users/takuto/.local/share/nvim/lazy/nvim-treesitter/plugin/nvim-treesitter.lua
033.555  000.319  000.319: sourcing /Users/takuto/.local/share/nvim/lazy/nvim-dap/plugin/dap.lua
034.234  000.161  000.161: sourcing /Users/takuto/.local/share/nvim/lazy/nvim-web-devicons/plugin/nvim-web-devicons.vim
035.286  000.021  000.021: require('vim.keymap')
035.307  000.499  000.477: sourcing /Users/takuto/.local/share/nvim/lazy/telescope.nvim/plugin/telescope.lua
039.775  002.755  002.755: require('vim.ui')
039.779  003.019  000.263: require('dressing.patch')
039.781  003.814  000.796: require('dressing')
039.787  003.991  000.177: sourcing /Users/takuto/.local/share/nvim/lazy/dressing.nvim/plugin/dressing.lua
040.385  000.130  000.130: sourcing /Users/takuto/.local/share/nvim/lazy/plenary.nvim/plugin/plenary.vim
041.867  000.376  000.376: sourcing /Users/takuto/.local/share/nvim/lazy/coc.nvim/autoload/coc/rpc.vim
042.570  000.571  000.571: sourcing /Users/takuto/.local/share/nvim/lazy/coc.nvim/autoload/coc/util.vim
043.807  000.437  000.437: sourcing /Users/takuto/.local/share/nvim/lazy/coc.nvim/autoload/coc/client.vim
046.731  005.716  004.332: sourcing /Users/takuto/.local/share/nvim/lazy/coc.nvim/plugin/coc.vim
049.190  002.017  002.017: sourcing /opt/homebrew/Cellar/neovim/0.9.4/share/nvim/runtime/plugin/editorconfig.lua
049.583  000.306  000.306: sourcing /opt/homebrew/Cellar/neovim/0.9.4/share/nvim/runtime/plugin/gzip.vim
049.777  000.125  000.125: sourcing /opt/homebrew/Cellar/neovim/0.9.4/share/nvim/runtime/plugin/health.vim
050.129  000.292  000.292: sourcing /opt/homebrew/Cellar/neovim/0.9.4/share/nvim/runtime/plugin/man.lua
051.896  000.279  000.279: sourcing /opt/homebrew/Cellar/neovim/0.9.4/share/nvim/runtime/pack/dist/opt/matchit/plugin/matchit.vim
052.182  001.991  001.712: sourcing /opt/homebrew/Cellar/neovim/0.9.4/share/nvim/runtime/plugin/matchit.vim
052.888  000.642  000.642: sourcing /opt/homebrew/Cellar/neovim/0.9.4/share/nvim/runtime/plugin/matchparen.vim
053.343  000.395  000.395: sourcing /opt/homebrew/Cellar/neovim/0.9.4/share/nvim/runtime/plugin/netrwPlugin.vim
053.616  000.204  000.204: sourcing /opt/homebrew/Cellar/neovim/0.9.4/share/nvim/runtime/plugin/nvim.lua
053.852  000.148  000.148: sourcing /opt/homebrew/Cellar/neovim/0.9.4/share/nvim/runtime/plugin/rplugin.vim
053.993  000.071  000.071: sourcing /opt/homebrew/Cellar/neovim/0.9.4/share/nvim/runtime/plugin/shada.vim
054.100  000.039  000.039: sourcing /opt/homebrew/Cellar/neovim/0.9.4/share/nvim/runtime/plugin/spellfile.vim
054.287  000.117  000.117: sourcing /opt/homebrew/Cellar/neovim/0.9.4/share/nvim/runtime/plugin/tarPlugin.vim
054.538  000.177  000.177: sourcing /opt/homebrew/Cellar/neovim/0.9.4/share/nvim/runtime/plugin/tohtml.vim
054.644  000.036  000.036: sourcing /opt/homebrew/Cellar/neovim/0.9.4/share/nvim/runtime/plugin/tutor.vim
054.845  000.135  000.135: sourcing /opt/homebrew/Cellar/neovim/0.9.4/share/nvim/runtime/plugin/zipPlugin.vim
056.331  000.362  000.362: require('nvim-treesitter.highlight')
057.345  001.011  001.011: require('coc_plugin')
060.046  000.296  000.296: require('nvim-tree.notify')
060.052  001.465  001.168: require('nvim-tree.events')
060.920  000.175  000.175: require('nvim-tree.log')
061.445  000.237  000.237: require('nvim-tree.iterators.node-iterator')
061.483  000.562  000.325: require('nvim-tree.utils')
061.706  000.222  000.222: require('nvim-tree.git.utils')
062.617  000.909  000.909: require('nvim-tree.git.runner')
063.791  001.172  001.172: require('nvim-tree.watcher')
063.929  000.136  000.136: require('nvim-tree.explorer.node')
063.937  003.673  000.497: require('nvim-tree.git')
064.065  000.127  000.127: require('nvim-tree.explorer.watch')
064.296  000.113  000.113: require('nvim-tree.explorer.node-builders')
064.494  000.196  000.196: require('nvim-tree.explorer.sorters')
065.171  000.503  000.503: require('nvim-tree.marks')
065.181  000.685  000.182: require('nvim-tree.explorer.filters')
065.940  000.503  000.503: require('nvim-tree.view')
065.945  000.762  000.260: require('nvim-tree.live-filter')
065.947  001.880  000.124: require('nvim-tree.explorer.explore')
066.073  000.124  000.124: require('nvim-tree.explorer.reload')
066.076  006.022  000.218: require('nvim-tree.explorer')
066.079  007.758  000.271: require('nvim-tree.core')
066.321  000.105  000.105: require('nvim-tree.modified')
066.324  000.243  000.138: require('nvim-tree.renderer.components.modified')
066.430  000.105  000.105: require('nvim-tree.renderer.components.padding')
066.539  000.108  000.108: require('nvim-tree.renderer.components.icons')
066.658  000.117  000.117: require('nvim-tree.renderer.components.full-name')
066.777  000.118  000.118: require('nvim-tree.renderer.components.git')
066.982  000.099  000.099: require('nvim-tree.enum')
066.985  000.207  000.108: require('nvim-tree.renderer.components.diagnostics')
067.504  000.166  000.166: require('nvim-tree.renderer.components.bookmarks')
067.512  000.525  000.359: require('nvim-tree.renderer.builder')
067.519  009.444  000.263: require('nvim-tree.renderer')
067.875  010.053  000.610: require('nvim-tree.lib')
068.074  000.196  000.196: require('nvim-tree.colors')
068.826  000.205  000.205: require('nvim-tree.actions.finders.find-file')
068.828  000.372  000.167: require('nvim-tree.actions.tree.open')
069.739  000.910  000.910: require('nvim-tree.actions.tree.toggle')
069.868  000.125  000.125: require('nvim-tree.actions.reloaders.reloaders')
069.980  000.109  000.109: require('nvim-tree.actions.root.dir-up')
070.198  000.215  000.215: require('nvim-tree.actions.tree.find-file')
070.350  000.151  000.151: require('nvim-tree.actions.finders.search-node')
070.450  000.098  000.098: require('nvim-tree.actions.tree-modifiers.collapse-all')
070.551  000.099  000.099: require('nvim-tree.actions.tree-modifiers.expand-all')
070.651  000.098  000.098: require('nvim-tree.actions.tree-modifiers.toggles')
070.857  000.103  000.103: require('nvim-tree.keymap')
070.860  000.206  000.103: require('nvim-tree.help')
070.959  000.096  000.096: require('nvim-tree.actions.fs.create-file')
071.061  000.100  000.100: require('nvim-tree.actions.fs.remove-file')
071.160  000.097  000.097: require('nvim-tree.actions.fs.trash')
071.418  000.257  000.257: require('nvim-tree.actions.fs.rename-file')
071.619  000.197  000.197: require('nvim-tree.actions.fs.copy-paste')
071.790  000.165  000.165: require('nvim-tree.actions.node.file-popup')
071.954  000.161  000.161: require('nvim-tree.actions.node.run-command')
072.126  000.170  000.170: require('nvim-tree.actions.node.system-open')
072.222  000.095  000.095: require('nvim-tree.actions.moves.sibling')
072.323  000.098  000.098: require('nvim-tree.actions.moves.parent')
072.431  000.106  000.106: require('nvim-tree.actions.moves.item')
072.596  000.158  000.158: require('nvim-tree.marks.bulk-delete')
073.162  000.564  000.564: require('nvim-tree.marks.bulk-trash')
073.417  000.249  000.249: require('nvim-tree.marks.bulk-move')
073.976  000.457  000.457: require('nvim-tree.actions.node.open-file')
073.979  000.561  000.104: require('nvim-tree.marks.navigation')
073.982  005.752  000.294: require('nvim-tree.api')
073.987  005.911  000.159: require('nvim-tree.commands')
074.127  000.139  000.139: require('nvim-tree.actions.root.change-dir')
074.241  000.112  000.112: require('nvim-tree.legacy')
074.690  000.018  000.018: require('vim.F')
074.845  000.593  000.575: require('vim.diagnostic')
074.899  017.552  000.547: require('nvim-tree')
075.448  000.274  000.274: require('nvim-tree.actions')
075.861  000.211  000.211: require('nvim-tree.diagnostics')
077.455  000.560  000.560: require('nvim-web-devicons.icons-default')
077.528  001.590  001.030: require('nvim-web-devicons')
090.386  079.410  022.952: sourcing /Users/takuto/.config/nvim/init.lua
090.412  001.205: sourcing vimrc file(s)
090.741  000.141  000.141: sourcing /opt/homebrew/Cellar/neovim/0.9.4/share/nvim/runtime/filetype.lua
091.537  000.315  000.315: sourcing /opt/homebrew/Cellar/neovim/0.9.4/share/nvim/runtime/syntax/synload.vim
091.616  000.756  000.441: sourcing /opt/homebrew/Cellar/neovim/0.9.4/share/nvim/runtime/syntax/syntax.vim
091.626  000.317: inits 3
098.025  006.399: reading ShaDa
098.173  000.148: opening buffers
098.309  000.136: BufEnter autocommands
098.311  000.002: editing files in windows


times in msec
 clock   self+sourced   self:  sourced script
 clock   elapsed:              other lines

000.456  000.456: --- NVIM STARTING ---
003.648  003.192: event init
006.070  002.422: early init
007.584  001.514: locale set
009.927  002.343: init first window
039.036  029.109: inits 1
039.245  000.209: window checked
039.248  000.003: parsing arguments
042.277  000.234  000.234: require('vim.shared')
042.369  000.034  000.034: require('vim._options')
042.371  000.091  000.057: require('vim._editor')
042.373  000.484  000.159: require('vim._init_packages')
042.375  002.643: init lua interpreter
043.534  001.159: expanding arguments
043.609  000.075: inits 2
044.365  000.757: init highlight


times in msec
 clock   self+sourced   self:  sourced script
 clock   elapsed:              other lines

000.007  000.007: --- NVIM STARTING ---
000.082  000.075: event init
000.186  000.104: early init
000.504  000.318: locale set
000.546  000.042: init first window
000.809  000.263: inits 1
000.826  000.017: window checked
000.828  000.002: parsing arguments
001.203  000.044  000.044: require('vim.shared')
001.288  000.031  000.031: require('vim._options')
001.290  000.084  000.053: require('vim._editor')
001.291  000.172  000.044: require('vim._init_packages')
001.293  000.293: init lua interpreter
003.516  002.223: expanding arguments
003.543  000.027: inits 2
003.808  000.265: init highlight
003.809  000.001: waiting for UI
004.362  000.553: done waiting for UI
004.368  000.006: clear screen
004.648  000.281: init default mappings & autocommands
007.450  001.603  001.603: sourcing /opt/homebrew/Cellar/neovim/0.9.4/share/nvim/runtime/ftplugin.vim
007.668  000.145  000.145: sourcing /opt/homebrew/Cellar/neovim/0.9.4/share/nvim/runtime/indent.vim
009.373  000.961  000.961: require('lazy')
009.434  000.031  000.031: require('ffi')
009.469  000.033  000.033: require('vim.loader')
009.570  000.030  000.030: require('vim.fs')
010.309  000.822  000.792: require('lazy.stats')
012.834  002.379  002.379: require('lazy.core.util')
013.188  000.352  000.352: require('lazy.core.config')
013.763  000.227  000.227: require('lazy.core.handler')
014.115  000.349  000.349: require('lazy.core.plugin')
014.121  000.932  000.356: require('lazy.core.loader')
014.973  000.239  000.239: require('lazy.core.handler.keys')
015.208  000.232  000.232: require('lazy.core.handler.cmd')
016.801  000.156  000.156: require('lazy.core.handler.event')
016.804  001.593  001.437: require('lazy.core.handler.ft')
017.285  000.335  000.335: sourcing /opt/homebrew/Cellar/neovim/0.9.4/share/nvim/runtime/filetype.lua
018.015  000.186  000.186: sourcing /Users/takuto/.local/share/nvim/lazy/nvim-web-devicons/plugin/nvim-web-devicons.vim
019.258  000.441  000.441: sourcing /Users/takuto/.local/share/nvim/lazy/nvim-dap/plugin/dap.lua
020.773  000.372  000.372: sourcing /Users/takuto/.local/share/nvim/lazy/coc.nvim/autoload/coc/rpc.vim
021.474  000.572  000.572: sourcing /Users/takuto/.local/share/nvim/lazy/coc.nvim/autoload/coc/util.vim
022.170  000.477  000.477: sourcing /Users/takuto/.local/share/nvim/lazy/coc.nvim/autoload/coc/client.vim
025.079  005.106  003.685: sourcing /Users/takuto/.local/share/nvim/lazy/coc.nvim/plugin/coc.vim
025.813  000.024  000.024: require('vim.keymap')
025.893  000.476  000.452: sourcing /Users/takuto/.local/share/nvim/lazy/telescope.nvim/plugin/telescope.lua
029.724  000.275  000.275: require('nvim-treesitter.utils')
032.191  000.170  000.170: require('vim.treesitter.language')
032.202  000.542  000.372: require('vim.treesitter.query')
032.380  000.176  000.176: require('vim.treesitter._range')
032.390  000.988  000.271: require('vim.treesitter.languagetree')
032.398  001.891  000.903: require('vim.treesitter')
033.786  004.061  002.169: require('nvim-treesitter.parsers')
034.645  000.167  000.167: require('nvim-treesitter.compat')
035.062  000.254  000.254: require('nvim-treesitter.ts_utils')
035.067  000.419  000.165: require('nvim-treesitter.tsrange')
035.197  000.129  000.129: require('nvim-treesitter.caching')
035.206  001.029  000.313: require('nvim-treesitter.query')
035.217  001.302  000.273: require('nvim-treesitter.configs')
035.219  001.431  000.130: require('nvim-treesitter.info')
035.466  000.245  000.245: require('nvim-treesitter.shell_command_selectors')
035.487  006.939  000.927: require('nvim-treesitter.install')
035.609  000.120  000.120: require('nvim-treesitter.statusline')
035.827  000.216  000.216: require('nvim-treesitter.query_predicates')
035.830  009.065  001.789: require('nvim-treesitter')
036.143  009.700  000.635: sourcing /Users/takuto/.local/share/nvim/lazy/nvim-treesitter/plugin/nvim-treesitter.lua
037.019  000.147  000.147: sourcing /Users/takuto/.local/share/nvim/lazy/plenary.nvim/plugin/plenary.vim
041.105  001.150  001.150: require('vim.ui')
041.108  001.634  000.485: require('dressing.patch')
041.110  002.504  000.870: require('dressing')
041.120  002.744  000.240: sourcing /Users/takuto/.local/share/nvim/lazy/dressing.nvim/plugin/dressing.lua
043.325  001.493  001.493: sourcing /opt/homebrew/Cellar/neovim/0.9.4/share/nvim/runtime/plugin/editorconfig.lua
043.642  000.242  000.242: sourcing /opt/homebrew/Cellar/neovim/0.9.4/share/nvim/runtime/plugin/gzip.vim
043.844  000.128  000.128: sourcing /opt/homebrew/Cellar/neovim/0.9.4/share/nvim/runtime/plugin/health.vim
044.333  000.364  000.364: sourcing /opt/homebrew/Cellar/neovim/0.9.4/share/nvim/runtime/plugin/man.lua
046.198  000.296  000.296: sourcing /opt/homebrew/Cellar/neovim/0.9.4/share/nvim/runtime/pack/dist/opt/matchit/plugin/matchit.vim
046.336  001.893  001.597: sourcing /opt/homebrew/Cellar/neovim/0.9.4/share/nvim/runtime/plugin/matchit.vim
046.698  000.295  000.295: sourcing /opt/homebrew/Cellar/neovim/0.9.4/share/nvim/runtime/plugin/matchparen.vim
047.209  000.451  000.451: sourcing /opt/homebrew/Cellar/neovim/0.9.4/share/nvim/runtime/plugin/netrwPlugin.vim
047.511  000.226  000.226: sourcing /opt/homebrew/Cellar/neovim/0.9.4/share/nvim/runtime/plugin/nvim.lua
047.737  000.158  000.158: sourcing /opt/homebrew/Cellar/neovim/0.9.4/share/nvim/runtime/plugin/rplugin.vim
047.882  000.074  000.074: sourcing /opt/homebrew/Cellar/neovim/0.9.4/share/nvim/runtime/plugin/shada.vim
047.988  000.039  000.039: sourcing /opt/homebrew/Cellar/neovim/0.9.4/share/nvim/runtime/plugin/spellfile.vim
048.162  000.107  000.107: sourcing /opt/homebrew/Cellar/neovim/0.9.4/share/nvim/runtime/plugin/tarPlugin.vim
048.631  000.388  000.388: sourcing /opt/homebrew/Cellar/neovim/0.9.4/share/nvim/runtime/plugin/tohtml.vim
048.789  000.037  000.037: sourcing /opt/homebrew/Cellar/neovim/0.9.4/share/nvim/runtime/plugin/tutor.vim
048.986  000.131  000.131: sourcing /opt/homebrew/Cellar/neovim/0.9.4/share/nvim/runtime/plugin/zipPlugin.vim
051.114  000.309  000.309: require('nvim-treesitter.highlight')
052.458  001.339  001.339: require('coc_plugin')
056.870  000.272  000.272: require('nvim-tree.notify')
056.876  002.170  001.898: require('nvim-tree.events')
057.529  000.389  000.389: require('nvim-tree.log')
057.964  000.198  000.198: require('nvim-tree.iterators.node-iterator')
058.002  000.471  000.274: require('nvim-tree.utils')
058.525  000.522  000.522: require('nvim-tree.git.utils')
058.991  000.464  000.464: require('nvim-tree.git.runner')
060.122  001.129  001.129: require('nvim-tree.watcher')
060.518  000.394  000.394: require('nvim-tree.explorer.node')
060.527  003.531  000.161: require('nvim-tree.git')
060.659  000.131  000.131: require('nvim-tree.explorer.watch')
060.868  000.103  000.103: require('nvim-tree.explorer.node-builders')
060.983  000.113  000.113: require('nvim-tree.explorer.sorters')
061.248  000.163  000.163: require('nvim-tree.marks')
061.251  000.266  000.103: require('nvim-tree.explorer.filters')
061.713  000.358  000.358: require('nvim-tree.view')
061.717  000.465  000.107: require('nvim-tree.live-filter')
061.719  001.058  000.112: require('nvim-tree.explorer.explore')
061.829  000.108  000.108: require('nvim-tree.explorer.reload')
061.832  004.954  000.126: require('nvim-tree.explorer')
061.835  007.371  000.247: require('nvim-tree.core')
062.071  000.095  000.095: require('nvim-tree.modified')
062.073  000.237  000.143: require('nvim-tree.renderer.components.modified')
062.175  000.100  000.100: require('nvim-tree.renderer.components.padding')
062.280  000.104  000.104: require('nvim-tree.renderer.components.icons')
062.389  000.107  000.107: require('nvim-tree.renderer.components.full-name')
062.503  000.113  000.113: require('nvim-tree.renderer.components.git')
062.687  000.087  000.087: require('nvim-tree.enum')
062.690  000.186  000.099: require('nvim-tree.renderer.components.diagnostics')
063.099  000.103  000.103: require('nvim-tree.renderer.components.bookmarks')
063.106  000.415  000.312: require('nvim-tree.renderer.builder')
063.112  008.984  000.351: require('nvim-tree.renderer')
063.171  009.664  000.680: require('nvim-tree.lib')
063.397  000.224  000.224: require('nvim-tree.colors')
064.379  000.139  000.139: require('nvim-tree.actions.finders.find-file')
064.381  000.388  000.249: require('nvim-tree.actions.tree.open')
064.551  000.168  000.168: require('nvim-tree.actions.tree.toggle')
064.727  000.173  000.173: require('nvim-tree.actions.reloaders.reloaders')
064.838  000.108  000.108: require('nvim-tree.actions.root.dir-up')
065.153  000.313  000.313: require('nvim-tree.actions.tree.find-file')
065.555  000.399  000.399: require('nvim-tree.actions.finders.search-node')
065.736  000.180  000.180: require('nvim-tree.actions.tree-modifiers.collapse-all')
066.676  000.938  000.938: require('nvim-tree.actions.tree-modifiers.expand-all')
066.804  000.126  000.126: require('nvim-tree.actions.tree-modifiers.toggles')
067.015  000.104  000.104: require('nvim-tree.keymap')
067.018  000.211  000.107: require('nvim-tree.help')
067.120  000.099  000.099: require('nvim-tree.actions.fs.create-file')
067.225  000.103  000.103: require('nvim-tree.actions.fs.remove-file')
067.328  000.102  000.102: require('nvim-tree.actions.fs.trash')
067.697  000.368  000.368: require('nvim-tree.actions.fs.rename-file')
067.919  000.218  000.218: require('nvim-tree.actions.fs.copy-paste')
068.035  000.108  000.108: require('nvim-tree.actions.node.file-popup')
068.131  000.095  000.095: require('nvim-tree.actions.node.run-command')
068.228  000.095  000.095: require('nvim-tree.actions.node.system-open')
068.317  000.087  000.087: require('nvim-tree.actions.moves.sibling')
068.416  000.096  000.096: require('nvim-tree.actions.moves.parent')
068.516  000.097  000.097: require('nvim-tree.actions.moves.item')
068.620  000.097  000.097: require('nvim-tree.marks.bulk-delete')
068.728  000.106  000.106: require('nvim-tree.marks.bulk-trash')
069.200  000.471  000.471: require('nvim-tree.marks.bulk-move')
069.543  000.229  000.229: require('nvim-tree.actions.node.open-file')
069.553  000.350  000.122: require('nvim-tree.marks.navigation')
069.557  005.804  000.305: require('nvim-tree.api')
069.565  006.166  000.362: require('nvim-tree.commands')
069.688  000.121  000.121: require('nvim-tree.actions.root.change-dir')
069.805  000.115  000.115: require('nvim-tree.legacy')
070.502  000.013  000.013: require('vim.F')
070.631  000.812  000.799: require('vim.diagnostic')
070.662  018.202  001.100: require('nvim-tree')
071.418  000.130  000.130: require('nvim-tree.actions')
071.999  000.403  000.403: require('nvim-tree.diagnostics')
073.387  001.011  001.011: require('nvim-web-devicons.icons-default')
073.452  001.371  000.360: require('nvim-web-devicons')
085.923  078.113  023.625: sourcing /Users/takuto/.config/nvim/init.lua
085.944  001.434: sourcing vimrc file(s)
086.189  000.062  000.062: sourcing /opt/homebrew/Cellar/neovim/0.9.4/share/nvim/runtime/filetype.lua
086.862  000.167  000.167: sourcing /opt/homebrew/Cellar/neovim/0.9.4/share/nvim/runtime/syntax/synload.vim
086.939  000.639  000.471: sourcing /opt/homebrew/Cellar/neovim/0.9.4/share/nvim/runtime/syntax/syntax.vim
086.949  000.305: inits 3
091.650  004.701: reading ShaDa
091.817  000.167: opening buffers
091.864  000.046: BufEnter autocommands
091.866  000.002: editing files in windows


times in msec
 clock   self+sourced   self:  sourced script
 clock   elapsed:              other lines

000.454  000.454: --- NVIM STARTING ---
002.810  002.356: event init
004.357  001.548: early init
004.598  000.241: locale set
005.347  000.748: init first window
020.578  015.231: inits 1
020.608  000.030: window checked
020.611  000.003: parsing arguments
022.132  000.065  000.065: require('vim.shared')
022.222  000.034  000.034: require('vim._options')
022.224  000.089  000.054: require('vim._editor')
022.225  000.280  000.126: require('vim._init_packages')
022.227  001.337: init lua interpreter
022.760  000.533: expanding arguments
022.797  000.036: inits 2
023.130  000.334: init highlight


times in msec
 clock   self+sourced   self:  sourced script
 clock   elapsed:              other lines

000.003  000.003: --- NVIM STARTING ---
000.050  000.047: event init
000.119  000.069: early init
000.345  000.226: locale set
000.380  000.035: init first window
000.569  000.188: inits 1
000.580  000.011: window checked
000.581  000.001: parsing arguments
000.835  000.032  000.032: require('vim.shared')
000.885  000.019  000.019: require('vim._options')
000.885  000.049  000.030: require('vim._editor')
000.886  000.112  000.032: require('vim._init_packages')
000.887  000.194: init lua interpreter
002.162  001.274: expanding arguments
002.182  000.021: inits 2
002.346  000.164: init highlight
002.350  000.004: waiting for UI
002.396  000.047: done waiting for UI
002.407  000.011: clear screen
002.528  000.121: init default mappings & autocommands
003.938  000.435  000.435: sourcing /opt/homebrew/Cellar/neovim/0.9.4/share/nvim/runtime/ftplugin.vim
004.121  000.124  000.124: sourcing /opt/homebrew/Cellar/neovim/0.9.4/share/nvim/runtime/indent.vim
005.091  000.644  000.644: require('alpha-nvim_plugin')
005.279  000.185  000.185: require('toggleterm_plugin')
005.456  000.175  000.175: require('nvim-lsp-file-operations_plugin')
005.765  000.307  000.307: require('lazy')
005.794  000.018  000.018: require('ffi')
005.842  000.041  000.041: require('vim.loader')
005.913  000.029  000.029: require('vim.fs')
006.373  000.517  000.488: require('lazy.stats')
006.768  000.367  000.367: require('lazy.core.util')
007.023  000.254  000.254: require('lazy.core.config')
007.489  000.193  000.193: require('lazy.core.handler')
007.791  000.302  000.302: require('lazy.core.plugin')
007.795  000.771  000.276: require('lazy.core.loader')
008.350  000.227  000.227: require('lazy.core.handler.event')
008.546  000.194  000.194: require('lazy.core.handler.ft')
008.685  000.137  000.137: require('lazy.core.handler.keys')
008.771  000.084  000.084: require('lazy.core.handler.cmd')
009.323  000.463  000.463: sourcing /opt/homebrew/Cellar/neovim/0.9.4/share/nvim/runtime/filetype.lua
011.560  000.376  000.376: require('nvim-treesitter.utils')
012.868  000.189  000.189: require('vim.treesitter.language')
012.873  000.381  000.192: require('vim.treesitter.query')
013.085  000.211  000.211: require('vim.treesitter._range')
013.089  000.826  000.235: require('vim.treesitter.languagetree')
013.095  001.037  000.210: require('vim.treesitter')
013.520  001.958  000.921: require('nvim-treesitter.parsers')
014.495  000.109  000.109: require('nvim-treesitter.compat')
015.025  000.352  000.352: require('nvim-treesitter.ts_utils')
015.029  000.532  000.180: require('nvim-treesitter.tsrange')
015.113  000.083  000.083: require('nvim-treesitter.caching')
015.120  000.884  000.160: require('nvim-treesitter.query')
015.129  001.185  000.301: require('nvim-treesitter.configs')
015.131  001.610  000.425: require('nvim-treesitter.info')
015.239  000.107  000.107: require('nvim-treesitter.shell_command_selectors')
015.251  004.360  000.310: require('nvim-treesitter.install')
015.332  000.080  000.080: require('nvim-treesitter.statusline')
015.427  000.093  000.093: require('nvim-treesitter.query_predicates')
015.429  005.404  000.871: require('nvim-treesitter')
015.619  005.755  000.351: sourcing /Users/takuto/.local/share/nvim/lazy/nvim-treesitter/plugin/nvim-treesitter.lua
016.893  000.517  000.517: sourcing /Users/takuto/.local/share/nvim/lazy/plenary.nvim/plugin/plenary.vim
019.031  000.162  000.162: require('plenary')
019.366  000.115  000.115: require('plenary.bit')
019.449  000.081  000.081: require('plenary.functional')
019.473  000.441  000.245: require('plenary.path')
019.795  000.004  000.004: require('vim.F')
019.810  000.242  000.238: require('plenary.log')
019.829  000.354  000.112: require('lsp-file-operations.log')
019.830  001.060  000.104: require('lsp-file-operations.utils')
019.831  001.338  000.278: require('lsp-file-operations.will-rename')
019.832  002.673  001.335: require('lsp-file-operations')
020.796  000.308  000.308: require('nvim-tree.notify')
021.813  000.088  000.088: require('nvim-tree.events')
022.092  000.085  000.085: require('nvim-tree.log')
022.381  000.101  000.101: require('nvim-tree.iterators.node-iterator')
022.409  000.315  000.214: require('nvim-tree.utils')
022.547  000.138  000.138: require('nvim-tree.git.utils')
022.937  000.385  000.385: require('nvim-tree.git.runner')
023.018  000.080  000.080: require('nvim-tree.watcher')
023.120  000.101  000.101: require('nvim-tree.explorer.node')
023.124  001.219  000.114: require('nvim-tree.git')
023.569  000.444  000.444: require('nvim-tree.explorer.watch')
023.771  000.094  000.094: require('nvim-tree.explorer.node-builders')
023.867  000.095  000.095: require('nvim-tree.explorer.sorters')
024.071  000.111  000.111: require('nvim-tree.marks')
024.073  000.206  000.095: require('nvim-tree.explorer.filters')
024.466  000.283  000.283: require('nvim-tree.view')
024.470  000.396  000.113: require('nvim-tree.live-filter')
024.472  000.902  000.112: require('nvim-tree.explorer.explore')
024.577  000.104  000.104: require('nvim-tree.explorer.reload')
024.582  002.768  000.099: require('nvim-tree.explorer')
024.584  002.941  000.085: require('nvim-tree.core')
024.883  000.186  000.186: require('nvim-tree.modified')
024.884  000.299  000.113: require('nvim-tree.renderer.components.modified')
025.244  000.359  000.359: require('nvim-tree.renderer.components.padding')
025.523  000.279  000.279: require('nvim-tree.renderer.components.icons')
025.724  000.200  000.200: require('nvim-tree.renderer.components.full-name')
025.866  000.141  000.141: require('nvim-tree.renderer.components.git')
026.262  000.090  000.090: require('nvim-tree.enum')
026.264  000.397  000.306: require('nvim-tree.renderer.components.diagnostics')
026.745  000.276  000.276: require('nvim-tree.renderer.components.bookmarks')
026.762  000.497  000.221: require('nvim-tree.renderer.builder')
026.772  005.382  000.269: require('nvim-tree.renderer')
026.781  005.612  000.231: require('nvim-tree.lib')
027.014  000.233  000.233: require('nvim-tree.actions.finders.find-file')
027.016  006.062  000.217: require('nvim-tree.actions.tree.open')
027.175  000.158  000.158: require('nvim-tree.actions.tree.toggle')
027.406  000.229  000.229: require('nvim-tree.actions.reloaders.reloaders')
027.612  000.204  000.204: require('nvim-tree.actions.root.dir-up')
027.840  000.227  000.227: require('nvim-tree.actions.tree.find-file')
028.025  000.185  000.185: require('nvim-tree.actions.finders.search-node')
028.122  000.096  000.096: require('nvim-tree.actions.tree-modifiers.collapse-all')
028.207  000.084  000.084: require('nvim-tree.actions.tree-modifiers.expand-all')
028.357  000.148  000.148: require('nvim-tree.actions.tree-modifiers.toggles')
028.540  000.091  000.091: require('nvim-tree.keymap')
028.542  000.183  000.092: require('nvim-tree.help')
028.638  000.095  000.095: require('nvim-tree.actions.fs.create-file')
028.734  000.095  000.095: require('nvim-tree.actions.fs.remove-file')
028.905  000.170  000.170: require('nvim-tree.actions.fs.trash')
028.985  000.078  000.078: require('nvim-tree.actions.fs.rename-file')
029.132  000.144  000.144: require('nvim-tree.actions.fs.copy-paste')
029.218  000.082  000.082: require('nvim-tree.actions.node.file-popup')
029.465  000.246  000.246: require('nvim-tree.actions.node.run-command')
029.628  000.162  000.162: require('nvim-tree.actions.node.system-open')
029.823  000.194  000.194: require('nvim-tree.actions.moves.sibling')
029.898  000.073  000.073: require('nvim-tree.actions.moves.parent')
029.972  000.073  000.073: require('nvim-tree.actions.moves.item')
030.056  000.080  000.080: require('nvim-tree.marks.bulk-delete')
030.135  000.078  000.078: require('nvim-tree.marks.bulk-trash')
030.212  000.076  000.076: require('nvim-tree.marks.bulk-move')
030.464  000.166  000.166: require('nvim-tree.actions.node.open-file')
030.465  000.252  000.086: require('nvim-tree.marks.navigation')
030.474  010.613  000.831: require('nvim-tree.api')
034.590  000.849  000.849: sourcing /Users/takuto/.local/share/nvim/lazy/vim-fugitive/plugin/fugitive.vim
034.722  000.037  000.037: sourcing /Users/takuto/.local/share/nvim/lazy/vim-fugitive/ftdetect/fugitive.vim
036.214  000.287  000.287: sourcing /Users/takuto/.local/share/nvim/lazy/coc.nvim/autoload/coc/rpc.vim
036.803  000.450  000.450: sourcing /Users/takuto/.local/share/nvim/lazy/coc.nvim/autoload/coc/util.vim
038.199  000.280  000.280: sourcing /Users/takuto/.local/share/nvim/lazy/coc.nvim/autoload/coc/client.vim
040.629  005.527  004.510: sourcing /Users/takuto/.local/share/nvim/lazy/coc.nvim/plugin/coc.vim
041.450  000.203  000.203: require('toggleterm.lazy')
041.660  000.208  000.208: require('toggleterm.constants')
041.945  000.283  000.283: require('toggleterm.terminal')
041.948  001.229  000.536: require('toggleterm')
042.204  000.135  000.135: require('toggleterm.colors')
042.311  000.106  000.106: require('toggleterm.utils')
042.315  000.366  000.124: require('toggleterm.config')
042.468  000.100  000.100: require('vim.version')
043.272  000.125  000.125: require('toggleterm.commandline')
044.313  000.181  000.181: require('vim.ui')
044.315  000.353  000.172: require('dressing.patch')
044.318  000.631  000.278: require('dressing')
044.323  000.707  000.076: sourcing /Users/takuto/.local/share/nvim/lazy/dressing.nvim/plugin/dressing.lua
044.751  000.102  000.102: sourcing /Users/takuto/.local/share/nvim/lazy/nvim-dap/plugin/dap.lua
045.329  000.154  000.154: sourcing /Users/takuto/.local/share/nvim/lazy/vim-tmux-navigator/plugin/tmux_navigator.vim
045.931  000.431  000.431: require('alpha')
046.121  000.189  000.189: require('alpha.themes.dashboard')
050.728  000.005  000.005: require('vim.keymap')
050.746  000.286  000.281: sourcing /Users/takuto/.local/share/nvim/lazy/telescope.nvim/plugin/telescope.lua
051.140  000.174  000.174: sourcing /Users/takuto/.local/share/nvim/lazy/lexima.vim/plugin/lexima.vim
051.551  000.165  000.165: sourcing /Users/takuto/.local/share/nvim/lazy/nvim-web-devicons/plugin/nvim-web-devicons.vim
052.903  000.250  000.250: sourcing /Users/takuto/.local/share/nvim/lazy/vim-gitgutter/autoload/gitgutter/utility.vim
053.163  000.090  000.090: sourcing /Users/takuto/.local/share/nvim/lazy/vim-gitgutter/autoload/gitgutter/highlight.vim
053.632  001.609  001.269: sourcing /Users/takuto/.local/share/nvim/lazy/vim-gitgutter/plugin/gitgutter.vim
054.363  000.410  000.410: sourcing /opt/homebrew/Cellar/neovim/0.9.4/share/nvim/runtime/plugin/editorconfig.lua
054.565  000.154  000.154: sourcing /opt/homebrew/Cellar/neovim/0.9.4/share/nvim/runtime/plugin/gzip.vim
054.707  000.101  000.101: sourcing /opt/homebrew/Cellar/neovim/0.9.4/share/nvim/runtime/plugin/health.vim
054.953  000.205  000.205: sourcing /opt/homebrew/Cellar/neovim/0.9.4/share/nvim/runtime/plugin/man.lua
055.959  000.233  000.233: sourcing /opt/homebrew/Cellar/neovim/0.9.4/share/nvim/runtime/pack/dist/opt/matchit/plugin/matchit.vim
056.045  001.046  000.814: sourcing /opt/homebrew/Cellar/neovim/0.9.4/share/nvim/runtime/plugin/matchit.vim
056.178  000.097  000.097: sourcing /opt/homebrew/Cellar/neovim/0.9.4/share/nvim/runtime/plugin/matchparen.vim
056.423  000.185  000.185: sourcing /opt/homebrew/Cellar/neovim/0.9.4/share/nvim/runtime/plugin/netrwPlugin.vim
056.650  000.169  000.169: sourcing /opt/homebrew/Cellar/neovim/0.9.4/share/nvim/runtime/plugin/nvim.lua
056.847  000.144  000.144: sourcing /opt/homebrew/Cellar/neovim/0.9.4/share/nvim/runtime/plugin/rplugin.vim
056.944  000.052  000.052: sourcing /opt/homebrew/Cellar/neovim/0.9.4/share/nvim/runtime/plugin/shada.vim
057.022  000.032  000.032: sourcing /opt/homebrew/Cellar/neovim/0.9.4/share/nvim/runtime/plugin/spellfile.vim
057.136  000.069  000.069: sourcing /opt/homebrew/Cellar/neovim/0.9.4/share/nvim/runtime/plugin/tarPlugin.vim
057.252  000.072  000.072: sourcing /opt/homebrew/Cellar/neovim/0.9.4/share/nvim/runtime/plugin/tohtml.vim
057.325  000.028  000.028: sourcing /opt/homebrew/Cellar/neovim/0.9.4/share/nvim/runtime/plugin/tutor.vim
057.475  000.085  000.085: sourcing /opt/homebrew/Cellar/neovim/0.9.4/share/nvim/runtime/plugin/zipPlugin.vim
058.870  000.300  000.300: require('nvim-treesitter.highlight')
059.688  000.815  000.815: require('coc_plugin')
060.201  000.175  000.175: require('nvim-tree.colors')
060.340  000.138  000.138: require('nvim-tree.commands')
060.478  000.136  000.136: require('nvim-tree.actions.root.change-dir')
060.592  000.113  000.113: require('nvim-tree.legacy')
061.073  000.465  000.465: require('vim.diagnostic')
061.091  001.401  000.374: require('nvim-tree')
062.515  000.148  000.148: require('nvim-tree.actions')
062.775  000.150  000.150: require('nvim-tree.diagnostics')
063.774  000.318  000.318: require('nvim-web-devicons.icons-default')
063.808  000.979  000.661: require('nvim-web-devicons')
065.795  061.565  018.929: sourcing /Users/takuto/.config/nvim/init.lua
065.808  001.155: sourcing vimrc file(s)
065.983  000.030  000.030: sourcing /opt/homebrew/Cellar/neovim/0.9.4/share/nvim/runtime/filetype.lua
066.603  000.132  000.132: sourcing /opt/homebrew/Cellar/neovim/0.9.4/share/nvim/runtime/syntax/synload.vim
066.648  000.448  000.316: sourcing /opt/homebrew/Cellar/neovim/0.9.4/share/nvim/runtime/syntax/syntax.vim
066.658  000.372: inits 3
068.506  001.849: reading ShaDa
068.604  000.098: opening buffers
068.923  000.253  000.253: sourcing /Users/takuto/.local/share/nvim/lazy/vim-gitgutter/autoload/gitgutter.vim
069.073  000.216: BufEnter autocommands
069.075  000.001: editing files in windows


times in msec
 clock   self+sourced   self:  sourced script
 clock   elapsed:              other lines

000.004  000.004: --- NVIM STARTING ---
000.332  000.328: event init
000.510  000.178: early init
000.766  000.256: locale set
000.805  000.039: init first window
007.887  007.082: inits 1
007.895  000.008: window checked
007.897  000.001: parsing arguments
008.632  000.028  000.028: require('vim.shared')
008.686  000.021  000.021: require('vim._options')
008.687  000.053  000.032: require('vim._editor')
008.688  000.115  000.034: require('vim._init_packages')
008.689  000.678: init lua interpreter
008.930  000.241: expanding arguments
008.943  000.013: inits 2
009.111  000.167: init highlight
--- Startup times for process: Primary/TUI ---

times in msec
 clock   self+sourced   self:  sourced script
 clock   elapsed:              other lines

000.001  000.001: --- NVIM STARTING ---
000.089  000.088: event init
000.409  000.320: early init
000.950  000.541: locale set
001.007  000.057: init first window
001.400  000.392: inits 1
001.405  000.005: window checked
001.408  000.003: parsing arguments
002.052  000.035  000.035: require('vim.shared')
002.119  000.035  000.035: require('vim.inspect')
002.159  000.030  000.030: require('vim._options')
002.161  000.106  000.041: require('vim._editor')
002.162  000.204  000.063: require('vim._init_packages')
002.164  000.552: init lua interpreter
002.470  000.306: --- NVIM STARTED ---

--- Startup times for process: Embedded ---

times in msec
 clock   self+sourced   self:  sourced script
 clock   elapsed:              other lines

000.000  000.000: --- NVIM STARTING ---
000.056  000.056: event init
000.155  000.099: early init
000.444  000.288: locale set
000.476  000.033: init first window
000.721  000.245: inits 1
000.734  000.013: window checked
000.737  000.003: parsing arguments
001.095  000.027  000.027: require('vim.shared')
001.153  000.029  000.029: require('vim.inspect')
001.188  000.026  000.026: require('vim._options')
001.189  000.092  000.037: require('vim._editor')
001.190  000.169  000.050: require('vim._init_packages')
001.192  000.285: init lua interpreter
002.646  001.454: expanding arguments
002.663  000.017: inits 2
002.886  000.223: init highlight
002.887  000.001: waiting for UI
003.007  000.120: done waiting for UI
003.011  000.003: clear screen
003.113  000.011  000.011: require('vim.keymap')
003.656  000.641  000.629: require('vim._defaults')
003.657  000.006: init default mappings & autocommands
004.166  000.044  000.044: sourcing /opt/homebrew/Cellar/neovim/0.10.0/share/nvim/runtime/ftplugin.vim
004.259  000.021  000.021: sourcing /opt/homebrew/Cellar/neovim/0.10.0/share/nvim/runtime/indent.vim
005.496  000.630  000.630: require('alpha-nvim_plugin')
005.584  000.085  000.085: require('toggleterm_plugin')
005.666  000.081  000.081: require('nvim-lsp-file-operations_plugin')
005.825  000.157  000.157: require('lazy')
005.852  000.016  000.016: require('ffi')
005.894  000.023  000.023: require('vim.fs')
006.027  000.130  000.130: require('vim.uri')
006.035  000.181  000.028: require('vim.loader')
006.543  000.491  000.491: require('lazy.stats')
006.731  000.160  000.160: require('lazy.core.util')
006.919  000.187  000.187: require('lazy.core.config')
007.127  000.081  000.081: require('lazy.core.handler')
007.489  000.178  000.178: require('lazy.pkg')
007.493  000.286  000.108: require('lazy.core.meta')
007.498  000.370  000.084: require('lazy.core.plugin')
007.504  000.584  000.133: require('lazy.core.loader')
007.910  000.120  000.120: require('lazy.core.fragments')
008.958  000.092  000.092: require('lazy.core.handler.event')
008.960  000.243  000.150: require('lazy.core.handler.ft')
009.037  000.074  000.074: require('lazy.core.handler.keys')
009.105  000.065  000.065: require('lazy.core.handler.cmd')
009.615  000.237  000.237: sourcing /opt/homebrew/Cellar/neovim/0.10.0/share/nvim/runtime/filetype.lua
009.988  000.202  000.202: sourcing /Users/takuto/.local/share/nvim/lazy/telescope.nvim/plugin/telescope.lua
010.283  000.084  000.084: sourcing /Users/takuto/.local/share/nvim/lazy/nvim-dap/plugin/dap.lua
011.132  000.620  000.620: require('cmp.utils.api')
011.268  000.063  000.063: require('cmp.types.cmp')
011.506  000.109  000.109: require('cmp.utils.misc')
011.548  000.280  000.170: require('cmp.types.lsp')
011.645  000.095  000.095: require('cmp.types.vim')
011.646  000.513  000.074: require('cmp.types')
011.815  000.168  000.168: require('cmp.utils.highlight')
012.014  000.115  000.115: require('cmp.utils.debug')
012.018  000.201  000.086: require('cmp.utils.autocmd')
012.267  001.797  000.295: sourcing /Users/takuto/.local/share/nvim/lazy/nvim-cmp/plugin/cmp.lua
012.790  000.134  000.134: sourcing /Users/takuto/.local/share/nvim/lazy/vim-gitgutter/autoload/gitgutter/utility.vim
013.067  000.087  000.087: sourcing /Users/takuto/.local/share/nvim/lazy/vim-gitgutter/autoload/gitgutter/highlight.vim
013.625  001.208  000.987: sourcing /Users/takuto/.local/share/nvim/lazy/vim-gitgutter/plugin/gitgutter.vim
014.686  000.136  000.136: require('nvim-treesitter.utils')
015.911  000.106  000.106: require('vim.treesitter.language')
015.969  000.056  000.056: require('vim.func')
016.028  000.057  000.057: require('vim.func._memoize')
016.093  000.372  000.154: require('vim.treesitter.query')
016.180  000.087  000.087: require('vim.treesitter._range')
016.189  000.739  000.281: require('vim.treesitter.languagetree')
016.193  001.228  000.489: require('vim.treesitter')
016.892  002.204  000.976: require('nvim-treesitter.parsers')
017.177  000.064  000.064: require('nvim-treesitter.compat')
017.347  000.111  000.111: require('nvim-treesitter.ts_utils')
017.350  000.171  000.060: require('nvim-treesitter.tsrange')
017.403  000.052  000.052: require('nvim-treesitter.caching')
017.409  000.377  000.091: require('nvim-treesitter.query')
017.418  000.462  000.085: require('nvim-treesitter.configs')
017.420  000.527  000.065: require('nvim-treesitter.info')
017.491  000.070  000.070: require('nvim-treesitter.shell_command_selectors')
017.503  003.084  000.147: require('nvim-treesitter.install')
017.683  000.178  000.178: require('nvim-treesitter.statusline')
017.793  000.109  000.109: require('nvim-treesitter.query_predicates')
017.795  003.829  000.458: require('nvim-treesitter')
018.160  004.252  000.423: sourcing /Users/takuto/.local/share/nvim/lazy/nvim-treesitter/plugin/nvim-treesitter.lua
018.318  000.049  000.049: sourcing /Users/takuto/.local/share/nvim/lazy/lexima.vim/plugin/lexima.vim
019.133  000.602  000.602: sourcing /Users/takuto/.local/share/nvim/lazy/vim-fugitive/plugin/fugitive.vim
019.215  000.008  000.008: sourcing /Users/takuto/.local/share/nvim/lazy/vim-fugitive/ftdetect/fugitive.vim
019.532  000.112  000.112: sourcing /Users/takuto/.local/share/nvim/lazy/vim-tmux-navigator/plugin/tmux_navigator.vim
019.895  000.013  000.013: sourcing /Users/takuto/.local/share/nvim/lazy/nvim-web-devicons/plugin/nvim-web-devicons.vim
020.445  000.003  000.003: require('vim.F')
020.457  000.385  000.382: require('alpha')
020.536  000.078  000.078: require('alpha.themes.dashboard')
024.325  000.018  000.018: sourcing /Users/takuto/.local/share/nvim/lazy/plenary.nvim/plugin/plenary.vim
025.367  000.096  000.096: require('plenary.bit')
025.445  000.077  000.077: require('plenary.functional')
025.472  000.307  000.134: require('plenary.path')
025.554  000.461  000.154: require('plenary.log')
025.569  000.544  000.083: require('lsp-file-operations.log')
025.573  001.217  000.673: require('lsp-file-operations')
026.034  000.073  000.073: require('nvim-tree.notify')
026.038  000.144  000.071: require('nvim-tree.events')
026.254  000.079  000.079: require('nvim-tree.log')
026.661  000.261  000.261: require('nvim-tree.iterators.node-iterator')
026.689  000.434  000.173: require('nvim-tree.utils')
026.802  000.112  000.112: require('nvim-tree.git.utils')
026.895  000.093  000.093: require('nvim-tree.git.runner')
026.955  000.059  000.059: require('nvim-tree.watcher')
027.012  000.056  000.056: require('nvim-tree.explorer.node')
027.016  000.917  000.085: require('nvim-tree.git')
027.070  000.053  000.053: require('nvim-tree.explorer.watch')
027.213  000.056  000.056: require('nvim-tree.explorer.node-builders')
027.272  000.058  000.058: require('nvim-tree.explorer.sorters')
027.386  000.057  000.057: require('nvim-tree.marks')
027.388  000.115  000.058: require('nvim-tree.explorer.filters')
027.516  000.072  000.072: require('nvim-tree.view')
027.519  000.130  000.058: require('nvim-tree.live-filter')
027.521  000.450  000.092: require('nvim-tree.explorer.explore')
027.576  000.055  000.055: require('nvim-tree.explorer.reload')
027.578  001.539  000.064: require('nvim-tree.explorer')
027.580  001.752  000.069: require('nvim-tree.core')
027.635  000.054  000.054: require('nvim-tree.renderer.components.padding')
027.688  000.052  000.052: require('nvim-tree.renderer.components.icons')
027.746  000.057  000.057: require('nvim-tree.renderer.components.full-name')
027.911  000.046  000.046: require('nvim-tree.enum')
027.964  000.052  000.052: require('nvim-tree.renderer.decorator')
027.965  000.154  000.056: require('nvim-tree.renderer.decorator.bookmarks')
028.058  000.092  000.092: require('nvim-tree.renderer.decorator.copied')
028.110  000.052  000.052: require('nvim-tree.renderer.decorator.cut')
028.219  000.058  000.058: require('nvim-tree.diagnostics')
028.337  000.116  000.116: require('vim.diagnostic')
028.339  000.228  000.054: require('nvim-tree.renderer.decorator.diagnostics')
028.401  000.061  000.061: require('nvim-tree.renderer.decorator.git')
028.499  000.048  000.048: require('nvim-tree.buffers')
028.501  000.098  000.050: require('nvim-tree.renderer.decorator.modified')
028.550  000.048  000.048: require('nvim-tree.renderer.decorator.opened')
028.554  000.807  000.074: require('nvim-tree.renderer.builder')
028.556  002.805  000.082: require('nvim-tree.renderer')
028.559  002.889  000.084: require('nvim-tree.lib')
028.803  000.085  000.085: require('nvim-tree.actions.finders.find-file')
028.855  000.051  000.051: require('nvim-tree.actions.finders.search-node')
028.856  000.233  000.097: require('nvim-tree.actions.finders')
029.016  000.049  000.049: require('nvim-tree.actions.reloaders')
029.019  000.113  000.063: require('nvim-tree.actions.fs.copy-paste')
029.070  000.050  000.050: require('nvim-tree.actions.fs.create-file')
029.132  000.061  000.061: require('nvim-tree.actions.fs.remove-file')
029.186  000.053  000.053: require('nvim-tree.actions.fs.rename-file')
029.245  000.058  000.058: require('nvim-tree.actions.fs.trash')
029.246  000.389  000.054: require('nvim-tree.actions.fs')
029.354  000.054  000.054: require('nvim-tree.actions.moves.item')
029.405  000.051  000.051: require('nvim-tree.actions.moves.parent')
029.455  000.048  000.048: require('nvim-tree.actions.moves.sibling')
029.456  000.209  000.056: require('nvim-tree.actions.moves')
029.603  000.096  000.096: require('nvim-tree.actions.node.file-popup')
029.666  000.062  000.062: require('nvim-tree.actions.node.open-file')
029.717  000.049  000.049: require('nvim-tree.actions.node.run-command')
029.767  000.049  000.049: require('nvim-tree.actions.node.system-open')
029.768  000.311  000.055: require('nvim-tree.actions.node')
029.868  000.049  000.049: require('nvim-tree.actions.root.change-dir')
029.914  000.045  000.045: require('nvim-tree.actions.root.dir-up')
029.915  000.146  000.052: require('nvim-tree.actions.root')
030.009  000.047  000.047: require('nvim-tree.actions.tree.find-file')
030.107  000.047  000.047: require('nvim-tree.actions.tree.modifiers.collapse-all')
030.155  000.047  000.047: require('nvim-tree.actions.tree.modifiers.expand-all')
030.204  000.049  000.049: require('nvim-tree.actions.tree.modifiers.toggles')
030.206  000.196  000.052: require('nvim-tree.actions.tree.modifiers')
030.253  000.046  000.046: require('nvim-tree.actions.tree.open')
030.318  000.064  000.064: require('nvim-tree.actions.tree.toggle')
030.319  000.403  000.050: require('nvim-tree.actions.tree')
030.320  001.760  000.069: require('nvim-tree.actions')
030.436  000.062  000.062: require('nvim-tree.appearance')
030.438  000.117  000.055: require('nvim-tree.appearance.diagnostics')
030.556  000.061  000.061: require('nvim-tree.keymap')
030.564  000.125  000.065: require('nvim-tree.help')
030.627  000.063  000.063: require('nvim-tree.marks.navigation')
030.684  000.056  000.056: require('nvim-tree.marks.bulk-delete')
030.738  000.053  000.053: require('nvim-tree.marks.bulk-trash')
030.796  000.056  000.056: require('nvim-tree.marks.bulk-move')
030.832  005.246  000.127: require('nvim-tree.api')
031.787  000.107  000.107: require('toggleterm.lazy')
031.846  000.058  000.058: require('toggleterm.constants')
031.965  000.117  000.117: require('toggleterm.terminal')
031.971  000.580  000.298: require('toggleterm')
032.103  000.067  000.067: require('toggleterm.colors')
032.164  000.060  000.060: require('toggleterm.utils')
032.171  000.199  000.073: require('toggleterm.config')
032.272  000.080  000.080: require('vim.version')
033.306  000.113  000.113: require('toggleterm.commandline')
034.063  000.185  000.185: require('vim.ui')
034.070  000.344  000.158: require('dressing.patch')
034.077  000.606  000.263: require('dressing')
034.084  000.654  000.048: sourcing /Users/takuto/.local/share/nvim/lazy/dressing.nvim/plugin/dressing.lua
034.392  000.095  000.095: sourcing /opt/homebrew/Cellar/neovim/0.10.0/share/nvim/runtime/plugin/editorconfig.lua
034.530  000.089  000.089: sourcing /opt/homebrew/Cellar/neovim/0.10.0/share/nvim/runtime/plugin/gzip.vim
034.674  000.102  000.102: sourcing /opt/homebrew/Cellar/neovim/0.10.0/share/nvim/runtime/plugin/man.lua
035.517  000.114  000.114: sourcing /opt/homebrew/Cellar/neovim/0.10.0/share/nvim/runtime/pack/dist/opt/matchit/plugin/matchit.vim
035.527  000.800  000.686: sourcing /opt/homebrew/Cellar/neovim/0.10.0/share/nvim/runtime/plugin/matchit.vim
035.654  000.083  000.083: sourcing /opt/homebrew/Cellar/neovim/0.10.0/share/nvim/runtime/plugin/matchparen.vim
035.853  000.152  000.152: sourcing /opt/homebrew/Cellar/neovim/0.10.0/share/nvim/runtime/plugin/netrwPlugin.vim
036.036  000.128  000.128: sourcing /opt/homebrew/Cellar/neovim/0.10.0/share/nvim/runtime/plugin/osc52.lua
036.194  000.084  000.084: sourcing /opt/homebrew/Cellar/neovim/0.10.0/share/nvim/runtime/plugin/rplugin.vim
036.345  000.047  000.047: sourcing /opt/homebrew/Cellar/neovim/0.10.0/share/nvim/runtime/plugin/shada.vim
036.417  000.011  000.011: sourcing /opt/homebrew/Cellar/neovim/0.10.0/share/nvim/runtime/plugin/spellfile.vim
036.508  000.043  000.043: sourcing /opt/homebrew/Cellar/neovim/0.10.0/share/nvim/runtime/plugin/tarPlugin.vim
036.653  000.084  000.084: sourcing /opt/homebrew/Cellar/neovim/0.10.0/share/nvim/runtime/plugin/tohtml.lua
036.715  000.009  000.009: sourcing /opt/homebrew/Cellar/neovim/0.10.0/share/nvim/runtime/plugin/tutor.vim
036.826  000.065  000.065: sourcing /opt/homebrew/Cellar/neovim/0.10.0/share/nvim/runtime/plugin/zipPlugin.vim
037.394  000.067  000.067: require('cmp.utils.char')
037.398  000.128  000.061: require('cmp.utils.str')
037.563  000.050  000.050: require('cmp.utils.buffer')
037.566  000.114  000.064: require('cmp.utils.keymap')
037.594  000.195  000.081: require('cmp.utils.feedkeys')
037.762  000.055  000.055: require('cmp.config.mapping')
037.809  000.046  000.046: require('cmp.utils.cache')
037.911  000.051  000.051: require('cmp.config.compare')
037.912  000.102  000.051: require('cmp.config.default')
037.920  000.269  000.067: require('cmp.config')
037.929  000.334  000.065: require('cmp.utils.async')
038.023  000.045  000.045: require('cmp.utils.pattern')
038.025  000.095  000.050: require('cmp.context')
038.211  000.069  000.069: require('cmp.utils.snippet')
038.262  000.050  000.050: require('cmp.matcher')
038.265  000.185  000.066: require('cmp.entry')
038.269  000.243  000.058: require('cmp.source')
038.365  000.046  000.046: require('cmp.utils.event')
038.553  000.048  000.048: require('cmp.utils.options')
038.556  000.143  000.095: require('cmp.utils.window')
038.557  000.190  000.048: require('cmp.view.docs_view')
038.621  000.064  000.064: require('cmp.view.custom_entries_view')
038.676  000.054  000.054: require('cmp.view.wildmenu_entries_view')
038.727  000.050  000.050: require('cmp.view.native_entries_view')
038.785  000.057  000.057: require('cmp.view.ghost_text_view')
038.788  000.519  000.057: require('cmp.view')
039.137  001.949  000.434: require('cmp.core')
039.228  000.050  000.050: require('cmp.config.sources')
039.276  000.046  000.046: require('cmp.config.window')
039.294  002.273  000.227: require('cmp')
040.245  000.192  000.192: require('obsidian.log')
040.247  000.532  000.339: require('obsidian')
040.478  000.044  000.044: require('obsidian.compat')
040.480  000.094  000.050: require('obsidian.itertools')
040.488  000.178  000.084: require('obsidian.util')
040.491  000.242  000.064: require('obsidian.config')
040.536  000.044  000.044: require('obsidian.mappings')
040.829  000.051  000.051: require('obsidian.abc')
040.834  000.111  000.060: require('obsidian.path')
041.105  000.044  000.044: require('plenary.tbl')
041.106  000.091  000.046: require('plenary.vararg.rotate')
041.107  000.136  000.045: require('plenary.vararg')
041.153  000.045  000.045: require('plenary.errors')
041.155  000.229  000.049: require('plenary.async.async')
041.427  000.044  000.044: require('plenary.async.structs')
041.430  000.097  000.053: require('plenary.async.control')
041.433  000.232  000.135: require('plenary.async.util')
041.435  000.279  000.047: require('plenary.async.tests')
041.436  000.600  000.092: require('plenary.async')
041.658  000.045  000.045: require('plenary.compat')
041.661  000.110  000.064: require('plenary.job')
041.680  000.180  000.070: require('obsidian.async')
041.736  000.056  000.056: require('plenary.context_manager')
041.943  000.071  000.071: require('obsidian.yaml.line')
041.949  000.150  000.079: require('obsidian.yaml.parser')
041.951  000.214  000.064: require('obsidian.yaml')
042.858  000.834  000.834: require('plenary.scandir')
042.874  000.922  000.088: require('obsidian.search')
042.881  001.444  000.072: require('obsidian.note')
042.962  000.081  000.081: require('obsidian.workspace')
043.028  000.064  000.064: require('obsidian.callbacks')
043.041  002.426  000.126: require('obsidian.client')
043.968  000.072  000.072: require('obsidian.collections')
043.975  000.161  000.089: require('obsidian.ui')
044.125  000.095  000.095: require('obsidian.commands')
044.299  000.064  000.064: require('obsidian.completion.refs')
044.302  000.133  000.069: require('cmp_obsidian')
044.414  000.100  000.100: require('cmp_obsidian_new')
044.537  000.056  000.056: require('obsidian.completion.tags')
044.540  000.119  000.062: require('cmp_obsidian_tags')
045.169  000.070  000.070: require('nvim-treesitter.highlight')
045.437  000.098  000.098: require('nvim-tree.commands')
045.493  000.056  000.056: require('nvim-tree.legacy')
045.513  000.311  000.157: require('nvim-tree')
047.611  000.680  000.680: require('nvim-web-devicons.icons-default')
047.699  001.019  000.338: require('nvim-web-devicons')
062.567  058.168  028.644: sourcing /Users/takuto/.config/nvim/init.lua
062.576  000.687: sourcing vimrc file(s)
062.730  000.032  000.032: sourcing /opt/homebrew/Cellar/neovim/0.10.0/share/nvim/runtime/filetype.lua
062.937  000.039  000.039: sourcing /opt/homebrew/Cellar/neovim/0.10.0/share/nvim/runtime/syntax/synload.vim
063.014  000.214  000.174: sourcing /opt/homebrew/Cellar/neovim/0.10.0/share/nvim/runtime/syntax/syntax.vim
063.019  000.197: inits 3
065.994  002.975: reading ShaDa
066.041  000.047: opening buffers
066.207  000.065  000.065: sourcing /Users/takuto/.local/share/nvim/lazy/vim-gitgutter/autoload/gitgutter.vim
066.346  000.240: BufEnter autocommands
066.348  000.001: editing files in windows
066.357  000.010: --- NVIM STARTED ---

